<?xml version="1.0" encoding="UTF-8"?>
<testsuite name="edu.jsu.mcis.ArgumentParserTest" tests="20" skipped="0" failures="0" errors="0" timestamp="2015-03-13T17:44:55" hostname="Joshua" time="0.029">
  <properties/>
  <testcase name="testInvalidMessage1" classname="edu.jsu.mcis.ArgumentParserTest" time="0.004"/>
  <testcase name="testGetOptionalArgument" classname="edu.jsu.mcis.ArgumentParserTest" time="0.0"/>
  <testcase name="testGetValue" classname="edu.jsu.mcis.ArgumentParserTest" time="0.001"/>
  <testcase name="testCheckMissingWidthAndHeight" classname="edu.jsu.mcis.ArgumentParserTest" time="0.0"/>
  <testcase name="testIfUserEntersThreeArguments" classname="edu.jsu.mcis.ArgumentParserTest" time="0.0"/>
  <testcase name="testUnrecognisedNames" classname="edu.jsu.mcis.ArgumentParserTest" time="0.0"/>
  <testcase name="testGetType" classname="edu.jsu.mcis.ArgumentParserTest" time="0.0"/>
  <testcase name="testMixOptionalArgumentsWithPositionalArguments" classname="edu.jsu.mcis.ArgumentParserTest" time="0.0"/>
  <testcase name="testIfNotEnoughArguments" classname="edu.jsu.mcis.ArgumentParserTest" time="0.0"/>
  <testcase name="testGetOptionalArgumentValue" classname="edu.jsu.mcis.ArgumentParserTest" time="0.0"/>
  <testcase name="testInvlidMessage2" classname="edu.jsu.mcis.ArgumentParserTest" time="0.0"/>
  <testcase name="testCheckMissingHeight" classname="edu.jsu.mcis.ArgumentParserTest" time="0.0"/>
  <testcase name="testInvalidArgument" classname="edu.jsu.mcis.ArgumentParserTest" time="0.0"/>
  <testcase name="testHelpMessage" classname="edu.jsu.mcis.ArgumentParserTest" time="0.0"/>
  <testcase name="testMissingMessage" classname="edu.jsu.mcis.ArgumentParserTest" time="0.0"/>
  <testcase name="testIfTooManyArguments" classname="edu.jsu.mcis.ArgumentParserTest" time="0.002"/>
  <testcase name="testGetOptionalArgumentDataType" classname="edu.jsu.mcis.ArgumentParserTest" time="0.0"/>
  <testcase name="testUnrecognisedMessage" classname="edu.jsu.mcis.ArgumentParserTest" time="0.0"/>
  <testcase name="testCheckUnrecognized" classname="edu.jsu.mcis.ArgumentParserTest" time="0.0"/>
  <testcase name="testGetOptionalArgumentShortName" classname="edu.jsu.mcis.ArgumentParserTest" time="0.0"/>
  <system-out><![CDATA[]]></system-out>
  <system-err><![CDATA[]]></system-err>
</testsuite>
