<?xml version="1.0" encoding="UTF-8"?>
<testsuite name="edu.jsu.mcis.ArgumentParserTest" tests="8" skipped="0" failures="0" errors="0" timestamp="2015-03-15T20:05:30" hostname="Yi-PC" time="0.031">
  <properties/>
  <testcase name="testGetValue" classname="edu.jsu.mcis.ArgumentParserTest" time="0.003"/>
  <testcase name="testCheckForMissing" classname="edu.jsu.mcis.ArgumentParserTest" time="0.002"/>
  <testcase name="testCheckForInvalidArguments" classname="edu.jsu.mcis.ArgumentParserTest" time="0.002"/>
  <testcase name="testCheckForUnrecognisedArguments" classname="edu.jsu.mcis.ArgumentParserTest" time="0.0"/>
  <testcase name="testInvalidArgumentException" classname="edu.jsu.mcis.ArgumentParserTest" time="0.0"/>
  <testcase name="testGetValues" classname="edu.jsu.mcis.ArgumentParserTest" time="0.0"/>
  <testcase name="testGetDescriptionOfOptArgument" classname="edu.jsu.mcis.ArgumentParserTest" time="0.0"/>
  <testcase name="testHelpInfomation" classname="edu.jsu.mcis.ArgumentParserTest" time="0.021"/>
  <system-out><![CDATA[
Usage: Java VolumeCalculator length width height
Calculate the volume of a box.

Positional arguments:
length: the length of the box
width: the width of the box
height: the height of the box

Usage: Java VolumeCalculator length width height
Calculate the volume of a box.

Positional arguments:
length: the length of the box
width: the width of the box
height: the height of the box
]]></system-out>
  <system-err><![CDATA[]]></system-err>
</testsuite>
