<?xml version="1.0" encoding="UTF-8"?>
<testsuite name="edu.jsu.mcis.ArgumentParserTest" tests="1" skipped="0" failures="0" errors="0" timestamp="2015-02-11T20:54:16" hostname="christopher-burdettes-MacBook.local" time="0.004">
  <properties/>
  <testcase name="testGetNumberOfArguments" classname="edu.jsu.mcis.ArgumentParserTest" time="0.004"/>
  <system-out><![CDATA[]]></system-out>
  <system-err><![CDATA[]]></system-err>
</testsuite>
