<?xml version="1.0" encoding="UTF-8"?>
<testsuite name="edu.jsu.mcis.ArgumentParserTest" tests="16" skipped="0" failures="0" errors="0" timestamp="2015-03-19T21:50:27" hostname="cylaiye" time="0.044">
  <properties/>
  <testcase name="testOptionalValue" classname="edu.jsu.mcis.ArgumentParserTest" time="0.005"/>
  <testcase name="testGetOptionalArgument" classname="edu.jsu.mcis.ArgumentParserTest" time="0.001"/>
  <testcase name="testGetValue" classname="edu.jsu.mcis.ArgumentParserTest" time="0.001"/>
  <testcase name="testCheckForMissing" classname="edu.jsu.mcis.ArgumentParserTest" time="0.004"/>
  <testcase name="testGetTheFlag" classname="edu.jsu.mcis.ArgumentParserTest" time="0.0"/>
  <testcase name="testContainOptionalArgument" classname="edu.jsu.mcis.ArgumentParserTest" time="0.001"/>
  <testcase name="testCheckForInvalidArguments" classname="edu.jsu.mcis.ArgumentParserTest" time="0.0"/>
  <testcase name="testGetDescriptionOfPotArgument" classname="edu.jsu.mcis.ArgumentParserTest" time="0.0"/>
  <testcase name="testUnknowType" classname="edu.jsu.mcis.ArgumentParserTest" time="0.001"/>
  <testcase name="testCheckForUnrecognisedArguments" classname="edu.jsu.mcis.ArgumentParserTest" time="0.0"/>
  <testcase name="testInvalidArgumentException" classname="edu.jsu.mcis.ArgumentParserTest" time="0.001"/>
  <testcase name="testGetArgumentDataType" classname="edu.jsu.mcis.ArgumentParserTest" time="0.0"/>
  <testcase name="testGetValues" classname="edu.jsu.mcis.ArgumentParserTest" time="0.0"/>
  <testcase name="testGetDescriptionOfOptArgument" classname="edu.jsu.mcis.ArgumentParserTest" time="0.0"/>
  <testcase name="testHelpInfomation" classname="edu.jsu.mcis.ArgumentParserTest" time="0.021"/>
  <testcase name="testGetArgumentValue" classname="edu.jsu.mcis.ArgumentParserTest" time="0.001"/>
  <system-out><![CDATA[
Usage: Java VolumeCalculator length width height
Calculate the volume of a box.

Positional arguments:
length: the length of the box
width: the width of the box
height: the height of the box

Usage: Java VolumeCalculator length width height
Calculate the volume of a box.

Positional arguments:
length: the length of the box
width: the width of the box
height: the height of the box
]]></system-out>
  <system-err><![CDATA[]]></system-err>
</testsuite>
